<?xml version="1.0" encoding="utf-8"?><testsuites name="pytest tests"><testsuite name="pytest" errors="0" failures="0" skipped="0" tests="15" time="69.629" timestamp="2026-09-04T11:52:12.857412+00:00" hostname="agent-env-4b29f216-9c59-47e9-ac37-2c50c557142d"><testcase classname="tests.test_new_features.TestRecsModelOverrideAndTmdb" name="test_generate_with_haiku_override" time="12.324" /><testcase classname="tests.test_new_features.TestRecsModelOverrideAndTmdb" name="test_list_recs_have_tmdb_posters_and_model" time="0.059" /><testcase classname="tests.test_new_features.TestRecsModelOverrideAndTmdb" name="test_no_mongo_objectid_leak" time="0.058" /><testcase classname="tests.test_new_features.TestStreamingReason" name="test_stream_requires_auth" time="0.136" /><testcase classname="tests.test_new_features.TestStreamingReason" name="test_stream_unknown_rec_404" time="0.060" /><testcase classname="tests.test_new_features.TestStreamingReason" name="test_stream_live_then_cached" time="4.737" /><testcase classname="tests.test_new_features.TestTasteModel" name="test_taste_with_sonnet_override" time="5.451" /><testcase classname="tests.test_new_features.TestTasteModel" name="test_taste_with_no_body_defaults" time="3.864" /><testcase classname="tests.test_new_features.TestGlobalModelDefault" name="test_put_and_get_llm_model" time="3.246" /><testcase classname="tests.test_new_features.TestGlobalModelDefault" name="test_generate_uses_global_default" time="30.705" /><testcase classname="tests.test_new_features.TestGlobalModelDefault" name="test_reset_llm_model" time="0.212" /><testcase classname="tests.test_new_features.TestGlobalModelDefault" name="test_invalid_model_falls_back" time="5.440" /><testcase classname="tests.test_new_features.TestUsage" name="test_usage_requires_auth" time="0.138" /><testcase classname="tests.test_new_features.TestUsage" name="test_usage_shape_and_values" time="0.058" /><testcase classname="tests.test_new_features.TestUsage" name="test_usage_increases_after_call" time="3.091" /></testsuite></testsuites>