<?xml version="1.0" encoding="utf-8"?><testsuites name="pytest tests"><testsuite name="pytest" errors="0" failures="0" skipped="0" tests="13" time="18.434" timestamp="2026-09-04T12:33:00.654477+00:00" hostname="agent-env-4b29f216-9c59-47e9-ac37-2c50c557142d"><testcase classname="tests.test_iter5_features.TestHistoryPosters" name="test_backfill_posters_on_get_history" time="3.524" /><testcase classname="tests.test_iter5_features.TestHistoryPosters" name="test_second_get_is_fast_and_persisted" time="0.467" /><testcase classname="tests.test_iter5_features.TestHistoryPosters" name="test_history_unauth" time="0.209" /><testcase classname="tests.test_iter5_features.TestSimklPin" name="test_pin_start" time="0.404" /><testcase classname="tests.test_iter5_features.TestSimklPin" name="test_pin_start_unauth" time="0.076" /><testcase classname="tests.test_iter5_features.TestSimklPin" name="test_pin_poll_pending" time="6.204" /><testcase classname="tests.test_iter5_features.TestSimklPin" name="test_pin_poll_bogus_code" time="6.211" /><testcase classname="tests.test_iter5_features.TestSimklPin" name="test_pin_poll_validation" time="0.183" /><testcase classname="tests.test_iter5_features.TestSimklPin" name="test_disconnect_and_connections" time="0.168" /><testcase classname="tests.test_iter5_features.TestSimklPin" name="test_connections_test_simkl" time="0.179" /><testcase classname="tests.test_iter5_features.TestWatchlistPush" name="test_unknown_rec_404" time="0.085" /><testcase classname="tests.test_iter5_features.TestWatchlistPush" name="test_unauth_401" time="0.081" /><testcase classname="tests.test_iter5_features.TestWatchlistPush" name="test_409_when_trakt_not_connected" time="0.593" /></testsuite></testsuites>