<?xml version="1.0" encoding="utf-8"?><testsuites name="pytest tests"><testsuite name="pytest" errors="0" failures="1" skipped="1" tests="54" time="135.093" timestamp="2026-09-04T12:33:25.360067+00:00" hostname="agent-env-4b29f216-9c59-47e9-ac37-2c50c557142d"><testcase classname="tests.test_claude_fallback.TestExistingEndpoints" name="test_root" time="0.637" /><testcase classname="tests.test_claude_fallback.TestExistingEndpoints" name="test_auth_me_requires_token" time="0.109" /><testcase classname="tests.test_claude_fallback.TestExistingEndpoints" name="test_auth_me_with_seeded_session" time="0.200" /><testcase classname="tests.test_claude_fallback.TestExistingEndpoints" name="test_history_stats" time="0.148" /><testcase classname="tests.test_claude_fallback.TestTasteProfileClaude" name="test_generate_uses_claude_when_no_ollama" time="6.122" /><testcase classname="tests.test_claude_fallback.TestTasteProfileClaude" name="test_generated_profile_persisted" time="0.076" /><testcase classname="tests.test_claude_fallback.TestRecommendationsClaude" name="test_generate_uses_claude_when_no_ollama" time="17.737" /><testcase classname="tests.test_claude_fallback.TestRecommendationsClaude" name="test_generated_recs_have_content" time="0.076" /><testcase classname="tests.test_claude_fallback.TestUnreachableOllamaFallback" name="test_taste_falls_back_to_claude" time="4.642" /><testcase classname="tests.test_claude_fallback.TestUnreachableOllamaFallback" name="test_recs_fall_back_to_claude" time="17.651" /><testcase classname="tests.test_claude_fallback.TestSaveDismissFlows" name="test_save_and_unsave" time="0.387" /><testcase classname="tests.test_claude_fallback.TestSaveDismissFlows" name="test_dismiss_removes_from_list" time="0.243" /><testcase classname="tests.test_iter4_features.TestTraktDevice" name="test_device_start_requires_auth" time="0.221" /><testcase classname="tests.test_iter4_features.TestTraktDevice" name="test_device_start_returns_code" time="0.285" /><testcase classname="tests.test_iter4_features.TestTraktDevice" name="test_device_poll_pending" time="0.262" /><testcase classname="tests.test_iter4_features.TestTraktDevice" name="test_device_poll_bogus" time="6.243" /><testcase classname="tests.test_iter4_features.TestTraktDevice" name="test_device_poll_requires_auth" time="0.166" /><testcase classname="tests.test_iter4_features.TestTraktDevice" name="test_device_poll_validation" time="0.071" /><testcase classname="tests.test_iter4_features.TestTraktDisconnectAndTest" name="test_disconnect_clears_state" time="0.140" /><testcase classname="tests.test_iter4_features.TestTraktDisconnectAndTest" name="test_test_trakt_unauthorized_message" time="0.221" /><testcase classname="tests.test_iter4_features.TestTrailer" name="test_trailer_requires_auth" time="0.211" /><testcase classname="tests.test_iter4_features.TestTrailer" name="test_trailer_unknown_id_404" time="0.072" /><testcase classname="tests.test_iter4_features.TestTrailer" name="test_trailer_returns_key_and_caches" time="0.274" /><testcase classname="tests.test_iter4_features.TestTrailer" name="test_trailer_no_tmdb_match_returns_null_key" time="2.245" /><testcase classname="tests.test_iter4_features.TestSavedAt" name="test_save_stamps_saved_at" time="0.294" /><testcase classname="tests.test_iter5_features.TestHistoryPosters" name="test_backfill_posters_on_get_history" time="1.120" /><testcase classname="tests.test_iter5_features.TestHistoryPosters" name="test_second_get_is_fast_and_persisted" time="0.429" /><testcase classname="tests.test_iter5_features.TestHistoryPosters" name="test_history_unauth" time="0.101" /><testcase classname="tests.test_iter5_features.TestSimklPin" name="test_pin_start" time="0.191" /><testcase classname="tests.test_iter5_features.TestSimklPin" name="test_pin_start_unauth" time="0.134" /><testcase classname="tests.test_iter5_features.TestSimklPin" name="test_pin_poll_pending" time="6.194" /><testcase classname="tests.test_iter5_features.TestSimklPin" name="test_pin_poll_bogus_code" time="6.183" /><testcase classname="tests.test_iter5_features.TestSimklPin" name="test_pin_poll_validation" time="0.074" /><testcase classname="tests.test_iter5_features.TestSimklPin" name="test_disconnect_and_connections" time="0.147" /><testcase classname="tests.test_iter5_features.TestSimklPin" name="test_connections_test_simkl" time="0.185" /><testcase classname="tests.test_iter5_features.TestWatchlistPush" name="test_unknown_rec_404" time="0.071" /><testcase classname="tests.test_iter5_features.TestWatchlistPush" name="test_unauth_401" time="0.091" /><testcase classname="tests.test_iter5_features.TestWatchlistPush" name="test_409_when_trakt_not_connected" time="0.145" /><testcase classname="tests.test_new_features.TestRecsModelOverrideAndTmdb" name="test_generate_with_haiku_override" time="12.589" /><testcase classname="tests.test_new_features.TestRecsModelOverrideAndTmdb" name="test_list_recs_have_tmdb_posters_and_model" time="0.086"><failure message="AssertionError: expected 8 claude recs, got 10&#10;assert 10 == 8&#10; +  where 10 = len([{'id': '012b0c47-64e4-47ed-bfad-6a099ae0d910', 'title': 'Annihilation', 'year': 2018, 'type': 'movie', ...}, {'id': '...{'id': '58ac414e-0032-4a6b-ba35-1982ebf24d3b', 'title': 'Memories of Murder', 'year': 2003, 'type': 'movie', ...}, ...])">E   AssertionError: expected 8 claude recs, got 10
    assert 10 == 8
     +  where 10 = len([{'id': '012b0c47-64e4-47ed-bfad-6a099ae0d910', 'title': 'Annihilation', 'year': 2018, 'type': 'movie', ...}, {'id': '...{'id': '58ac414e-0032-4a6b-ba35-1982ebf24d3b', 'title': 'Memories of Murder', 'year': 2003, 'type': 'movie', ...}, ...])</failure></testcase><testcase classname="tests.test_new_features.TestRecsModelOverrideAndTmdb" name="test_no_mongo_objectid_leak" time="0.085" /><testcase classname="tests.test_new_features.TestStreamingReason" name="test_stream_requires_auth" time="0.223" /><testcase classname="tests.test_new_features.TestStreamingReason" name="test_stream_unknown_rec_404" time="0.074" /><testcase classname="tests.test_new_features.TestStreamingReason" name="test_stream_live_then_cached" time="0.000"><skipped type="pytest.skip" message="no generated rec available">/app/backend/tests/test_new_features.py:90: no generated rec available</skipped></testcase><testcase classname="tests.test_new_features.TestTasteModel" name="test_taste_with_sonnet_override" time="4.180" /><testcase classname="tests.test_new_features.TestTasteModel" name="test_taste_with_no_body_defaults" time="4.340" /><testcase classname="tests.test_new_features.TestGlobalModelDefault" name="test_put_and_get_llm_model" time="0.148" /><testcase classname="tests.test_new_features.TestGlobalModelDefault" name="test_generate_uses_global_default" time="28.315" /><testcase classname="tests.test_new_features.TestGlobalModelDefault" name="test_reset_llm_model" time="0.169" /><testcase classname="tests.test_new_features.TestGlobalModelDefault" name="test_invalid_model_falls_back" time="5.032" /><testcase classname="tests.test_new_features.TestUsage" name="test_usage_requires_auth" time="0.204" /><testcase classname="tests.test_new_features.TestUsage" name="test_usage_shape_and_values" time="0.078" /><testcase classname="tests.test_new_features.TestUsage" name="test_usage_increases_after_call" time="2.573" /><testcase classname="tests.test_usage_freshness" name="test_usage_updates_immediately_after_call" time="3.146" /></testsuite></testsuites>