<?xml version="1.0" encoding="utf-8"?><testsuites name="pytest tests"><testsuite name="pytest" errors="0" failures="0" skipped="0" tests="13" time="12.516" timestamp="2026-09-04T12:10:37.066175+00:00" hostname="agent-env-4b29f216-9c59-47e9-ac37-2c50c557142d"><testcase classname="tests.test_iter4_features.TestTraktDevice" name="test_device_start_requires_auth" time="2.310" /><testcase classname="tests.test_iter4_features.TestTraktDevice" name="test_device_start_returns_code" time="0.449" /><testcase classname="tests.test_iter4_features.TestTraktDevice" name="test_device_poll_pending" time="0.282" /><testcase classname="tests.test_iter4_features.TestTraktDevice" name="test_device_poll_bogus" time="6.272" /><testcase classname="tests.test_iter4_features.TestTraktDevice" name="test_device_poll_requires_auth" time="0.131" /><testcase classname="tests.test_iter4_features.TestTraktDevice" name="test_device_poll_validation" time="0.070" /><testcase classname="tests.test_iter4_features.TestTraktDisconnectAndTest" name="test_disconnect_clears_state" time="0.193" /><testcase classname="tests.test_iter4_features.TestTraktDisconnectAndTest" name="test_test_trakt_unauthorized_message" time="0.253" /><testcase classname="tests.test_iter4_features.TestTrailer" name="test_trailer_requires_auth" time="0.211" /><testcase classname="tests.test_iter4_features.TestTrailer" name="test_trailer_unknown_id_404" time="0.071" /><testcase classname="tests.test_iter4_features.TestTrailer" name="test_trailer_returns_key_and_caches" time="0.331" /><testcase classname="tests.test_iter4_features.TestTrailer" name="test_trailer_no_tmdb_match_returns_null_key" time="1.105" /><testcase classname="tests.test_iter4_features.TestSavedAt" name="test_save_stamps_saved_at" time="0.790" /></testsuite></testsuites>