<?xml version="1.0" encoding="utf-8"?><testsuites name="pytest tests"><testsuite name="pytest" errors="0" failures="0" skipped="0" tests="12" time="49.016" timestamp="2026-09-04T11:32:13.487620+00:00" hostname="agent-env-4b29f216-9c59-47e9-ac37-2c50c557142d"><testcase classname="tests.test_claude_fallback.TestExistingEndpoints" name="test_root" time="0.685" /><testcase classname="tests.test_claude_fallback.TestExistingEndpoints" name="test_auth_me_requires_token" time="0.064" /><testcase classname="tests.test_claude_fallback.TestExistingEndpoints" name="test_auth_me_with_seeded_session" time="0.226" /><testcase classname="tests.test_claude_fallback.TestExistingEndpoints" name="test_history_stats" time="0.162" /><testcase classname="tests.test_claude_fallback.TestTasteProfileClaude" name="test_generate_uses_claude_when_no_ollama" time="5.030" /><testcase classname="tests.test_claude_fallback.TestTasteProfileClaude" name="test_generated_profile_persisted" time="0.067" /><testcase classname="tests.test_claude_fallback.TestRecommendationsClaude" name="test_generate_uses_claude_when_no_ollama" time="17.708" /><testcase classname="tests.test_claude_fallback.TestRecommendationsClaude" name="test_generated_recs_have_content" time="0.069" /><testcase classname="tests.test_claude_fallback.TestUnreachableOllamaFallback" name="test_taste_falls_back_to_claude" time="4.331" /><testcase classname="tests.test_claude_fallback.TestUnreachableOllamaFallback" name="test_recs_fall_back_to_claude" time="19.214" /><testcase classname="tests.test_claude_fallback.TestSaveDismissFlows" name="test_save_and_unsave" time="0.320" /><testcase classname="tests.test_claude_fallback.TestSaveDismissFlows" name="test_dismiss_removes_from_list" time="1.115" /></testsuite></testsuites>